* using log directory 'D:/Rpackage/M2_RPackage/lrgd.Rcheck'
* using R version 4.1.1 (2021-08-10)
* using platform: x86_64-w64-mingw32 (64-bit)
* using session charset: ISO8859-1
* using options '--no-manual --as-cran'
* checking for file 'lrgd/DESCRIPTION' ... OK
* this is package 'lrgd' version '0.0.0.9000'
* package encoding: UTF-8
* checking package namespace information ... OK
* checking package dependencies ... OK
* checking if this is a source package ... OK
* checking if there is a namespace ... OK
* checking for executable files ... OK
* checking for hidden files and directories ... OK
* checking for portable file names ... OK
* checking serialization versions ... OK
* checking whether package 'lrgd' can be installed ... OK
* checking installed package size ... OK
* checking package directory ... OK
* checking for future file timestamps ... OK
* checking 'build' directory ... OK
* checking DESCRIPTION meta-information ... OK
* checking top-level files ... OK
* checking for left-over files ... OK
* checking index information ... OK
* checking package subdirectories ... OK
* checking R files for non-ASCII characters ... OK
* checking R files for syntax errors ... OK
* checking whether the package can be loaded ... OK
* checking whether the package can be loaded with stated dependencies ... OK
* checking whether the package can be unloaded cleanly ... OK
* checking whether the namespace can be loaded with stated dependencies ... OK
* checking whether the namespace can be unloaded cleanly ... OK
* checking loading without being on the library search path ... OK
* checking dependencies in R code ... OK
* checking S3 generic/method consistency ... OK
* checking replacement functions ... OK
* checking foreign function calls ... OK
* checking R code for possible problems ... OK
* checking Rd files ... OK
* checking Rd metadata ... OK
* checking Rd line widths ... OK
* checking Rd cross-references ... OK
* checking for missing documentation entries ... OK
* checking for code/documentation mismatches ... OK
* checking Rd \usage sections ... OK
* checking Rd contents ... OK
* checking for unstated dependencies in examples ... OK
* checking contents of 'data' directory ... OK
* checking data for non-ASCII characters ... OK
* checking LazyData ... OK
* checking data for ASCII and uncompressed saves ... OK
* checking installed files from 'inst/doc' ... OK
* checking files in 'vignettes' ... OK
* checking examples ... ERROR
Running examples in 'lrgd-Ex.R' failed
The error most likely occurred in:

> base::assign(".ptime", proc.time(), pos = "CheckExEnv")
> ### Name: x_dot_theta
> ### Title: x_dot_tetha function
> ### Aliases: x_dot_theta
> 
> ### ** Examples
> 
> x_dot_theta(x,as.matrix(rnorm(n = dim(x)[2], mean = 0, sd = 1)))
Error in x_dot_theta(x, as.matrix(rnorm(n = dim(x)[2], mean = 0, sd = 1))) : 
  object 'x' not found
Execution halted
* checking for unstated dependencies in vignettes ... NOTE
'library' or 'require' calls not declared from:
  'devtools' 'ggplot2'
* checking package vignettes in 'inst/doc' ... OK
* checking re-building of vignette outputs ... WARNING
Error(s) in re-building vignettes:
  ...
--- re-building 'how-use-the-package.Rmd' using rmarkdown
Quitting from lines 18-23 (how-use-the-package.Rmd) 
Error: processing vignette 'how-use-the-package.Rmd' failed with diagnostics:
there is no package called 'devtools'
--- failed re-building 'how-use-the-package.Rmd'

SUMMARY: processing the following file failed:
  'how-use-the-package.Rmd'

Error: Vignette re-building failed.
Execution halted

* checking for non-standard things in the check directory ... OK
* checking for detritus in the temp directory ... OK
* DONE
Status: 1 ERROR, 1 WARNING, 1 NOTE
