* using log directory 'C:/Users/chloe/Documents/GitHub/M2_RPackage/rlgd.Rcheck'
* using R version 4.0.3 (2020-10-10)
* using platform: x86_64-w64-mingw32 (64-bit)
* using session charset: ISO8859-1
* using options '--no-manual --as-cran'
* checking for file 'rlgd/DESCRIPTION' ... OK
* this is package 'rlgd' version '0.0.0.9000'
* package encoding: UTF-8
* checking package namespace information ... OK
* checking package dependencies ... OK
* checking if this is a source package ... OK
* checking if there is a namespace ... OK
* checking for executable files ... OK
* checking for hidden files and directories ... OK
* checking for portable file names ... OK
* checking serialization versions ... OK
* checking whether package 'rlgd' can be installed ... WARNING
Found the following significant warnings:
  Note: possible error in 'gradient(x[random_index, ': argument inutilisé (theta) 
  Note: possible error in 'gradient(x_i, y_i, theta)': argument inutilisé (theta) 
See 'C:/Users/chloe/Documents/GitHub/M2_RPackage/rlgd.Rcheck/00install.out' for details.
Information on the location(s) of code generating the 'Note's can be
obtained by re-running with environment variable R_KEEP_PKG_SOURCE set
to 'yes'.
* checking installed package size ... OK
* checking package directory ... OK
* checking for future file timestamps ... OK
* checking 'build' directory ... OK
* checking DESCRIPTION meta-information ... OK
* checking top-level files ... OK
* checking for left-over files ... OK
* checking index information ... OK
* checking package subdirectories ... OK
* checking R files for non-ASCII characters ... OK
* checking R files for syntax errors ... OK
* checking whether the package can be loaded ... OK
* checking whether the package can be loaded with stated dependencies ... OK
* checking whether the package can be unloaded cleanly ... OK
* checking whether the namespace can be loaded with stated dependencies ... OK
* checking whether the namespace can be unloaded cleanly ... OK
* checking loading without being on the library search path ... OK
* checking dependencies in R code ... OK
* checking S3 generic/method consistency ... OK
* checking replacement functions ... OK
* checking foreign function calls ... OK
* checking R code for possible problems ... NOTE
batch_gradient_descent: possible error in gradient(x[random_index, ],
  as.matrix(y[random_index, ]), theta): argument inutilisé (theta)
get_x_y: no visible global function definition for 'model.frame'
mini_batch_gradient_descent: possible error in gradient(x_i, y_i,
  theta): argument inutilisé (theta)
stochastic_gradient_descent: possible error in gradient(x_i, y_i,
  theta): argument inutilisé (theta)
Undefined global functions or variables:
  model.frame
Consider adding
  importFrom("stats", "model.frame")
to your NAMESPACE file.
* checking Rd files ... NOTE
prepare_Rd: batch_gradient_descent.Rd:20-22: Dropping empty section \value
prepare_Rd: mini_batch_gradient_descent.Rd:22-24: Dropping empty section \value
prepare_Rd: stochastic_gradient_descent.Rd:20-22: Dropping empty section \value
* checking Rd metadata ... OK
* checking Rd line widths ... OK
* checking Rd cross-references ... OK
* checking for missing documentation entries ... WARNING
Undocumented code objects:
  'blocs' 'data' 'x' 'y'
Undocumented data sets:
  'blocs' 'data' 'x' 'y'
All user-level objects in a package should have documentation entries.
See chapter 'Writing R documentation files' in the 'Writing R
Extensions' manual.
* checking for code/documentation mismatches ... OK
* checking Rd \usage sections ... WARNING
Undocumented arguments in documentation object 'gradient'
  'X'
Documented arguments not in \usage in documentation object 'gradient':
  'x' 'y'

Functions with \usage entries need to have the appropriate \alias
entries, and all their arguments documented.
The \usage entries must correspond to syntactically valid R code.
See chapter 'Writing R documentation files' in the 'Writing R
Extensions' manual.
* checking Rd contents ... OK
* checking for unstated dependencies in examples ... OK
* checking contents of 'data' directory ... OK
* checking data for non-ASCII characters ... OK
* checking data for ASCII and uncompressed saves ... OK
 WARNING
'qpdf' is needed for checks on size reduction of PDFs
* checking installed files from 'inst/doc' ... OK
* checking files in 'vignettes' ... OK
* checking examples ... ERROR
Running examples in 'rlgd-Ex.R' failed
The error most likely occurred in:

> base::assign(".ptime", proc.time(), pos = "CheckExEnv")
> ### Name: batch_gradient_descent
> ### Title: Gradient Descent Function - Batch
> ### Aliases: batch_gradient_descent
> 
> ### ** Examples
> 
> batch_gradient_descent(x,y,as.matrix(rnorm(n = dim(x)[2], mean = 0, sd = 1)),0.01,100)
Error in gradient(x[random_index, ], as.matrix(y[random_index, ]), theta) : 
  unused argument (theta)
Calls: batch_gradient_descent
Execution halted
* checking for unstated dependencies in vignettes ... OK
* checking package vignettes in 'inst/doc' ... OK
* checking re-building of vignette outputs ... OK
* checking for non-standard things in the check directory ... OK
* checking for detritus in the temp directory ... OK
* DONE
Status: 1 ERROR, 4 WARNINGs, 2 NOTEs
