* installing *source* package 'rlgd' ...
** using staged installation
It is recommended to use 'given' instead of 'middle'.
** R
** data
*** moving datasets to lazyload DB
** inst
** byte-compile and prepare package for lazy loading
Note: possible error in 'gradient(x[random_index, ': argument inutilisé (theta) 
Note: possible error in 'gradient(x_i, y_i, theta)': argument inutilisé (theta) 
Note: possible error in 'gradient(x_i, y_i, theta)': argument inutilisé (theta) 
** help
*** installing help indices
** building package indices
** installing vignettes
** testing if installed package can be loaded from temporary location
*** arch - i386
*** arch - x64
** testing if installed package can be loaded from final location
*** arch - i386
*** arch - x64
** testing if installed package keeps a record of temporary installation path
* DONE (rlgd)
